<?xml version="1.0" encoding="UTF-8"?>
<testsuite name="com.emazon.stockService.MsStockEmazonApplicationTests" tests="1" skipped="0" failures="0" errors="0" timestamp="2024-10-10T16:56:13" hostname="LAPTOP-PE05IENQ" time="2.093">
  <properties/>
  <testcase name="contextLoads()" classname="com.emazon.stockService.MsStockEmazonApplicationTests" time="2.093"/>
  <system-out><![CDATA[11:55:50.498 [Test worker] INFO org.springframework.test.context.support.AnnotationConfigContextLoaderUtils -- Could not detect default configuration classes for test class [com.emazon.stockService.MsStockEmazonApplicationTests]: MsStockEmazonApplicationTests does not declare any static, non-private, non-final, nested classes annotated with @Configuration.
11:55:51.414 [Test worker] INFO org.springframework.boot.test.context.SpringBootTestContextBootstrapper -- Found @SpringBootConfiguration com.emazon.EmazonStockServiceApplication for test class com.emazon.stockService.MsStockEmazonApplicationTests

  .   ____          _            __ _ _
 /\\ / ___'_ __ _ _(_)_ __  __ _ \ \ \ \
( ( )\___ | '_ | '_| | '_ \/ _` | \ \ \ \
 \\/  ___)| |_)| | | | | || (_| |  ) ) ) )
  '  |____| .__|_| |_|_| |_\__, | / / / /
 =========|_|==============|___/=/_/_/_/

 :: Spring Boot ::                (v3.3.3)

2024-10-10T11:55:53.425-05:00  INFO 15928 --- [Emazon Stock Service] [    Test worker] c.e.s.MsStockEmazonApplicationTests      : Starting MsStockEmazonApplicationTests using Java 17.0.12 with PID 15928 (started by miche in C:\Users\miche\Documents\ms-stock-emazon)
2024-10-10T11:55:53.429-05:00  INFO 15928 --- [Emazon Stock Service] [    Test worker] c.e.s.MsStockEmazonApplicationTests      : No active profile set, falling back to 1 default profile: "default"
2024-10-10T11:55:58.271-05:00  INFO 15928 --- [Emazon Stock Service] [    Test worker] .s.d.r.c.RepositoryConfigurationDelegate : Bootstrapping Spring Data JPA repositories in DEFAULT mode.
2024-10-10T11:55:58.546-05:00  INFO 15928 --- [Emazon Stock Service] [    Test worker] .s.d.r.c.RepositoryConfigurationDelegate : Finished Spring Data repository scanning in 218 ms. Found 1 JPA repository interface.
2024-10-10T11:56:01.311-05:00  INFO 15928 --- [Emazon Stock Service] [    Test worker] o.hibernate.jpa.internal.util.LogHelper  : HHH000204: Processing PersistenceUnitInfo [name: default]
2024-10-10T11:56:01.705-05:00  INFO 15928 --- [Emazon Stock Service] [    Test worker] org.hibernate.Version                    : HHH000412: Hibernate ORM core version 6.5.2.Final
2024-10-10T11:56:01.953-05:00  INFO 15928 --- [Emazon Stock Service] [    Test worker] o.h.c.internal.RegionFactoryInitiator    : HHH000026: Second-level cache disabled
2024-10-10T11:56:03.818-05:00  INFO 15928 --- [Emazon Stock Service] [    Test worker] o.s.o.j.p.SpringPersistenceUnitInfo      : No LoadTimeWeaver setup: ignoring JPA class transformer
2024-10-10T11:56:03.932-05:00  INFO 15928 --- [Emazon Stock Service] [    Test worker] com.zaxxer.hikari.HikariDataSource       : HikariPool-1 - Starting...
2024-10-10T11:56:04.889-05:00  INFO 15928 --- [Emazon Stock Service] [    Test worker] com.zaxxer.hikari.pool.HikariPool        : HikariPool-1 - Added connection com.mysql.cj.jdbc.ConnectionImpl@4e26564d
2024-10-10T11:56:04.897-05:00  INFO 15928 --- [Emazon Stock Service] [    Test worker] com.zaxxer.hikari.HikariDataSource       : HikariPool-1 - Start completed.
2024-10-10T11:56:05.048-05:00  WARN 15928 --- [Emazon Stock Service] [    Test worker] org.hibernate.orm.deprecation            : HHH90000025: MySQLDialect does not need to be specified explicitly using 'hibernate.dialect' (remove the property setting and it will be selected by default)
2024-10-10T11:56:09.747-05:00  INFO 15928 --- [Emazon Stock Service] [    Test worker] o.h.e.t.j.p.i.JtaPlatformInitiator       : HHH000489: No JTA platform available (set 'hibernate.transaction.jta.platform' to enable JTA platform integration)
2024-10-10T11:56:09.877-05:00  INFO 15928 --- [Emazon Stock Service] [    Test worker] j.LocalContainerEntityManagerFactoryBean : Initialized JPA EntityManagerFactory for persistence unit 'default'
2024-10-10T11:56:13.731-05:00  INFO 15928 --- [Emazon Stock Service] [    Test worker] c.e.s.MsStockEmazonApplicationTests      : Started MsStockEmazonApplicationTests in 21.329 seconds (process running for 30.279)
]]></system-out>
  <system-err><![CDATA[]]></system-err>
</testsuite>
