<?xml version="1.0" encoding="UTF-8"?>
<testsuite name="com.emazon.stockService.MsStockEmazonApplicationTests" tests="1" skipped="0" failures="0" errors="0" timestamp="2024-10-11T17:42:19" hostname="LAPTOP-PE05IENQ" time="1.091">
  <properties/>
  <testcase name="contextLoads()" classname="com.emazon.stockService.MsStockEmazonApplicationTests" time="1.091"/>
  <system-out><![CDATA[12:42:09.106 [Test worker] INFO org.springframework.test.context.support.AnnotationConfigContextLoaderUtils -- Could not detect default configuration classes for test class [com.emazon.stockService.MsStockEmazonApplicationTests]: MsStockEmazonApplicationTests does not declare any static, non-private, non-final, nested classes annotated with @Configuration.
12:42:09.433 [Test worker] INFO org.springframework.boot.test.context.SpringBootTestContextBootstrapper -- Found @SpringBootConfiguration com.emazon.EmazonStockServiceApplication for test class com.emazon.stockService.MsStockEmazonApplicationTests

  .   ____          _            __ _ _
 /\\ / ___'_ __ _ _(_)_ __  __ _ \ \ \ \
( ( )\___ | '_ | '_| | '_ \/ _` | \ \ \ \
 \\/  ___)| |_)| | | | | || (_| |  ) ) ) )
  '  |____| .__|_| |_|_| |_\__, | / / / /
 =========|_|==============|___/=/_/_/_/

 :: Spring Boot ::                (v3.3.3)

2024-10-11T12:42:10.299-05:00  INFO 13712 --- [Emazon Stock Service] [    Test worker] c.e.s.MsStockEmazonApplicationTests      : Starting MsStockEmazonApplicationTests using Java 17.0.12 with PID 13712 (started by miche in C:\Users\miche\Documents\ms-stock-emazon)
2024-10-11T12:42:10.302-05:00  INFO 13712 --- [Emazon Stock Service] [    Test worker] c.e.s.MsStockEmazonApplicationTests      : No active profile set, falling back to 1 default profile: "default"
2024-10-11T12:42:12.031-05:00  INFO 13712 --- [Emazon Stock Service] [    Test worker] .s.d.r.c.RepositoryConfigurationDelegate : Bootstrapping Spring Data JPA repositories in DEFAULT mode.
2024-10-11T12:42:12.284-05:00  INFO 13712 --- [Emazon Stock Service] [    Test worker] .s.d.r.c.RepositoryConfigurationDelegate : Finished Spring Data repository scanning in 222 ms. Found 3 JPA repository interfaces.
2024-10-11T12:42:13.399-05:00  INFO 13712 --- [Emazon Stock Service] [    Test worker] o.hibernate.jpa.internal.util.LogHelper  : HHH000204: Processing PersistenceUnitInfo [name: default]
2024-10-11T12:42:13.548-05:00  INFO 13712 --- [Emazon Stock Service] [    Test worker] org.hibernate.Version                    : HHH000412: Hibernate ORM core version 6.5.2.Final
2024-10-11T12:42:13.654-05:00  INFO 13712 --- [Emazon Stock Service] [    Test worker] o.h.c.internal.RegionFactoryInitiator    : HHH000026: Second-level cache disabled
2024-10-11T12:42:14.656-05:00  INFO 13712 --- [Emazon Stock Service] [    Test worker] o.s.o.j.p.SpringPersistenceUnitInfo      : No LoadTimeWeaver setup: ignoring JPA class transformer
2024-10-11T12:42:14.726-05:00  INFO 13712 --- [Emazon Stock Service] [    Test worker] com.zaxxer.hikari.HikariDataSource       : HikariPool-1 - Starting...
2024-10-11T12:42:15.342-05:00  INFO 13712 --- [Emazon Stock Service] [    Test worker] com.zaxxer.hikari.pool.HikariPool        : HikariPool-1 - Added connection com.mysql.cj.jdbc.ConnectionImpl@6ffbf0ac
2024-10-11T12:42:15.346-05:00  INFO 13712 --- [Emazon Stock Service] [    Test worker] com.zaxxer.hikari.HikariDataSource       : HikariPool-1 - Start completed.
2024-10-11T12:42:15.445-05:00  WARN 13712 --- [Emazon Stock Service] [    Test worker] org.hibernate.orm.deprecation            : HHH90000025: MySQLDialect does not need to be specified explicitly using 'hibernate.dialect' (remove the property setting and it will be selected by default)
2024-10-11T12:42:17.601-05:00  INFO 13712 --- [Emazon Stock Service] [    Test worker] o.h.e.t.j.p.i.JtaPlatformInitiator       : HHH000489: No JTA platform available (set 'hibernate.transaction.jta.platform' to enable JTA platform integration)
2024-10-11T12:42:17.755-05:00  INFO 13712 --- [Emazon Stock Service] [    Test worker] j.LocalContainerEntityManagerFactoryBean : Initialized JPA EntityManagerFactory for persistence unit 'default'
2024-10-11T12:42:19.948-05:00  INFO 13712 --- [Emazon Stock Service] [    Test worker] c.e.s.MsStockEmazonApplicationTests      : Started MsStockEmazonApplicationTests in 10.07 seconds (process running for 13.764)
]]></system-out>
  <system-err><![CDATA[]]></system-err>
</testsuite>
